INPP
AMEM 1
AMEM 1
AMEM 1
AMEM 1
AMEM 1
AMEM 1
AMEM 1
AMEM 1
AMEM 1
AMEM 1
AMEM 1
DSVS L0
AMEM 1
AMEM 1
CRCT 2
CRVL 0,5
MULT
ARMZ 0,0
CRVL 0,0
CRCT 1
SOMA
ARMZ 0,1
CRVL 0,1
CRVL 0,6
SOMA
ARMZ 0,6
L1: NADA
CRVL 0,4
CRVL 0,3
CMEG
DSVF L2
CRVL 0,9
CRVL 0,8
SOMA
ARMZ 0,10
CRVL 0,9
ARMZ 0,8
CRVL 0,10
ARMZ 0,9
CRVL 0,4
CRCT 1
SOMA
ARMZ 0,4
DSVS L1
L2: NADA
L0: NADA
CRCT 5
ARMZ 0,6
CRCT 6
ARMZ 0,5
CRCT 99
ARMZ 0,2
CRCT 88
ARMZ 0,1
LEIT
ARMZ 0,3
CRCT 0
ARMZ 0,8
CRCT 1
ARMZ 0,9
CRCT 1
ARMZ 0,4
L3: NADA
CRVL 0,4
CRVL 0,3
CMEG
DSVF L4
CRVL 0,9
CRVL 0,8
SOMA
ARMZ 0,10
CRVL 0,9
ARMZ 0,8
CRVL 0,10
ARMZ 0,9
CRVL 0,4
CRCT 1
SOMA
ARMZ 0,4
DSVS L3
L4: NADA
CRVL 0,3
IMPR
CRVL 0,4
IMPR
DMEM 13
PARA
